android/app/build/intermediates/manifest_merge_blame_file/release/manifest-merger-blame-release-report.txt
1<?xml version="1.0" encoding="utf-8"?>
2<manifest xmlns:android="http://schemas.android.com/apk/res/android"
3    package="com.example.fp2Final"
4    android:versionCode="1"
5    android:versionName="1.0.0" >
6
7    <uses-sdk
8        android:minSdkVersion="21"
9        android:targetSdkVersion="35" />
10
11    <queries>
11-->src/main/AndroidManifest.xml:46:5-51:15
12        <intent>
12-->src/main/AndroidManifest.xml:47:9-50:18
13            <action android:name="android.intent.action.PROCESS_TEXT" />
13-->src/main/AndroidManifest.xml:48:13-73
13-->src/main/AndroidManifest.xml:48:21-70
14
15            <data android:mimeType="text/plain" />
15-->src/main/AndroidManifest.xml:49:13-51
15-->src/main/AndroidManifest.xml:49:19-48
16        </intent>
17    </queries>
18
19    <application
20        android:name="android.app.Application"
20-->src/main/AndroidManifest.xml:4:9-42
21        android:extractNativeLibs="true"
22        android:icon="@mipmap/ic_launcher"
22-->src/main/AndroidManifest.xml:5:9-43
23        android:label="fp2Final"
23-->src/main/AndroidManifest.xml:6:9-33
24        android:theme="@style/NormalTheme" >
24-->src/main/AndroidManifest.xml:7:9-43
25        <activity
25-->src/main/AndroidManifest.xml:9:9-24:20
26            android:name="com.example.fp2Final.MainActivity"
26-->src/main/AndroidManifest.xml:10:13-41
27            android:configChanges="orientation|keyboardHidden|keyboard|screenSize|smallestScreenSize|locale|layoutDirection|fontScale|screenLayout|density|uiMode"
27-->src/main/AndroidManifest.xml:11:13-163
28            android:exported="true"
28-->src/main/AndroidManifest.xml:12:13-36
29            android:hardwareAccelerated="true"
29-->src/main/AndroidManifest.xml:13:13-47
30            android:launchMode="singleTop"
30-->src/main/AndroidManifest.xml:14:13-43
31            android:theme="@style/LaunchTheme"
31-->src/main/AndroidManifest.xml:15:13-47
32            android:windowSoftInputMode="adjustResize" >
32-->src/main/AndroidManifest.xml:16:13-55
33            <meta-data
33-->src/main/AndroidManifest.xml:17:13-19:57
34                android:name="io.flutter.embedding.android.NormalTheme"
34-->src/main/AndroidManifest.xml:18:17-72
35                android:resource="@style/NormalTheme" />
35-->src/main/AndroidManifest.xml:19:17-54
36
37            <intent-filter>
37-->src/main/AndroidManifest.xml:20:13-23:29
38                <action android:name="android.intent.action.MAIN" />
38-->src/main/AndroidManifest.xml:21:17-69
38-->src/main/AndroidManifest.xml:21:25-66
39
40                <category android:name="android.intent.category.LAUNCHER" />
40-->src/main/AndroidManifest.xml:22:17-77
40-->src/main/AndroidManifest.xml:22:27-74
41            </intent-filter>
42        </activity>
43
44        <!-- ✅ FIXED BrowserTabActivity -->
45        <activity
45-->src/main/AndroidManifest.xml:27:9-39:20
46            android:name="com.microsoft.identity.client.BrowserTabActivity"
46-->src/main/AndroidManifest.xml:28:13-76
47            android:exported="true" >
47-->src/main/AndroidManifest.xml:29:13-36
48            <intent-filter>
48-->src/main/AndroidManifest.xml:30:13-38:29
49                <action android:name="android.intent.action.VIEW" />
49-->src/main/AndroidManifest.xml:31:17-69
49-->src/main/AndroidManifest.xml:31:25-66
50
51                <category android:name="android.intent.category.DEFAULT" />
51-->src/main/AndroidManifest.xml:32:17-76
51-->src/main/AndroidManifest.xml:32:27-73
52                <category android:name="android.intent.category.BROWSABLE" />
52-->src/main/AndroidManifest.xml:33:17-78
52-->src/main/AndroidManifest.xml:33:27-75
53
54                <data
54-->src/main/AndroidManifest.xml:49:13-51
55                    android:host="com.example.fp2Final"
55-->src/main/AndroidManifest.xml:35:21-56
56                    android:path="/hyOO/XSiCQvGcPDoA8/2xATQZi8="
56-->src/main/AndroidManifest.xml:36:21-65
57                    android:scheme="msauth" />
57-->src/main/AndroidManifest.xml:37:21-44
58            </intent-filter>
59        </activity>
60
61        <meta-data
61-->src/main/AndroidManifest.xml:41:9-43:33
62            android:name="flutterEmbedding"
62-->src/main/AndroidManifest.xml:42:13-44
63            android:value="2" />
63-->src/main/AndroidManifest.xml:43:13-30
64    </application>
65
66</manifest>